C51 COMPILER V9.53.0.0   PART2_1                                                           11/09/2014 15:03:24 PAGE 1   


C51 COMPILER V9.53.0.0, COMPILATION OF MODULE PART2_1
OBJECT MODULE PLACED IN part2_1.OBJ
COMPILER INVOKED BY: d:\Keil_v5\C51\BIN\C51.EXE part2_1.c OPTIMIZE(8,SPEED) BROWSE DEBUG OBJECTEXTEND TABS(2)

line level    source

   1          #include  <reg52.h> //52系列单片机头文件
   2          sbit  led1=P1^0;    //声明单片机P1口的第一位
   3          void  main()
   4          {
   5   1        led1=0;           /*点亮第一个发光二极管*/
   6   1      }


MODULE INFORMATION:   STATIC OVERLAYABLE
   CODE SIZE        =      3    ----
   CONSTANT SIZE    =   ----    ----
   XDATA SIZE       =   ----    ----
   PDATA SIZE       =   ----    ----
   DATA SIZE        =   ----    ----
   IDATA SIZE       =   ----    ----
   BIT SIZE         =   ----    ----
END OF MODULE INFORMATION.


C51 COMPILATION COMPLETE.  0 WARNING(S),  0 ERROR(S)
